[2025-08-31 19:14:44] Retrieved driver locations - {"count":0,"minutes_threshold":10}
[2025-08-31 19:15:08] Retrieved driver locations - {"count":0,"minutes_threshold":10}
[2025-08-31 19:15:30] Retrieved driver locations - {"count":0,"minutes_threshold":10}
[2025-08-31 19:15:40] Retrieved driver locations - {"count":0,"minutes_threshold":10}
[2025-08-31 19:16:11] Retrieved driver locations - {"count":0,"minutes_threshold":10}
[2025-08-31 19:16:41] Retrieved driver locations - {"count":0,"minutes_threshold":10}
[2025-08-31 19:17:11] Retrieved driver locations - {"count":0,"minutes_threshold":10}
[2025-08-31 19:18:17] Retrieved driver locations - {"count":0,"minutes_threshold":10}
[2025-08-31 19:18:27] Retrieved driver locations - {"count":0,"minutes_threshold":10}
[2025-08-31 19:18:58] Retrieved driver locations - {"count":0,"minutes_threshold":10}
[2025-08-31 19:19:28] Retrieved driver locations - {"count":0,"minutes_threshold":10}
[2025-08-31 19:19:58] Retrieved driver locations - {"count":0,"minutes_threshold":10}
[2025-08-31 19:20:28] Retrieved driver locations - {"count":0,"minutes_threshold":10}
[2025-08-31 19:20:58] Retrieved driver locations - {"count":0,"minutes_threshold":10}
[2025-08-31 19:21:28] Retrieved driver locations - {"count":0,"minutes_threshold":10}
[2025-08-31 19:21:58] Retrieved driver locations - {"count":0,"minutes_threshold":10}
[2025-08-31 19:22:37] Retrieved driver locations - {"count":0,"minutes_threshold":10}
[2025-08-31 19:23:37] Retrieved driver locations - {"count":0,"minutes_threshold":10}
[2025-08-31 19:24:37] Retrieved driver locations - {"count":0,"minutes_threshold":10}
[2025-08-31 19:25:37] Retrieved driver locations - {"count":0,"minutes_threshold":10}
[2025-08-31 19:26:37] Retrieved driver locations - {"count":0,"minutes_threshold":10}
[2025-08-31 19:27:37] Retrieved driver locations - {"count":0,"minutes_threshold":10}
[2025-08-31 19:28:37] Retrieved driver locations - {"count":0,"minutes_threshold":10}
[2025-08-31 19:29:37] Retrieved driver locations - {"count":0,"minutes_threshold":10}
[2025-08-31 19:30:37] Retrieved driver locations - {"count":0,"minutes_threshold":10}
[2025-08-31 19:31:37] Retrieved driver locations - {"count":0,"minutes_threshold":10}
[2025-08-31 19:32:37] Retrieved driver locations - {"count":0,"minutes_threshold":10}
[2025-08-31 19:33:37] Retrieved driver locations - {"count":0,"minutes_threshold":10}
[2025-08-31 19:34:37] Retrieved driver locations - {"count":0,"minutes_threshold":10}
[2025-08-31 19:35:37] Retrieved driver locations - {"count":0,"minutes_threshold":10}
[2025-08-31 19:36:37] Retrieved driver locations - {"count":0,"minutes_threshold":10}
[2025-08-31 19:37:37] Retrieved driver locations - {"count":0,"minutes_threshold":10}
[2025-08-31 19:38:37] Retrieved driver locations - {"count":0,"minutes_threshold":10}
[2025-08-31 19:39:37] Retrieved driver locations - {"count":0,"minutes_threshold":10}
[2025-08-31 19:40:37] Retrieved driver locations - {"count":0,"minutes_threshold":10}
[2025-08-31 19:41:37] Retrieved driver locations - {"count":0,"minutes_threshold":10}
[2025-08-31 19:42:37] Retrieved driver locations - {"count":0,"minutes_threshold":10}
[2025-08-31 19:43:17] Retrieved driver locations - {"count":0,"minutes_threshold":10}
[2025-08-31 19:43:28] Retrieved driver locations - {"count":0,"minutes_threshold":10}
[2025-08-31 19:43:56] Retrieved driver locations - {"count":0,"minutes_threshold":10}
[2025-08-31 19:43:58] Retrieved driver locations - {"count":0,"minutes_threshold":10}
[2025-08-31 19:44:06] Retrieved driver locations - {"count":0,"minutes_threshold":10}
[2025-08-31 19:44:37] Retrieved driver locations - {"count":0,"minutes_threshold":10}
[2025-08-31 19:44:37] Retrieved driver locations - {"count":0,"minutes_threshold":10}
[2025-08-31 19:45:07] Retrieved driver locations - {"count":0,"minutes_threshold":10}
[2025-08-31 19:45:37] Retrieved driver locations - {"count":0,"minutes_threshold":10}
[2025-08-31 19:45:37] Retrieved driver locations - {"count":0,"minutes_threshold":10}
[2025-08-31 19:46:07] Retrieved driver locations - {"count":0,"minutes_threshold":10}
[2025-08-31 19:46:37] Retrieved driver locations - {"count":0,"minutes_threshold":10}
[2025-08-31 19:46:37] Retrieved driver locations - {"count":0,"minutes_threshold":10}
[2025-08-31 19:47:07] Retrieved driver locations - {"count":0,"minutes_threshold":10}
[2025-08-31 19:47:15] Retrieved driver locations - {"count":0,"minutes_threshold":10}
[2025-08-31 19:47:23] Retrieved driver locations - {"count":0,"minutes_threshold":10}
[2025-08-31 19:47:37] Retrieved driver locations - {"count":0,"minutes_threshold":10}
[2025-08-31 19:47:37] Retrieved driver locations - {"count":0,"minutes_threshold":10}
[2025-08-31 19:47:54] Retrieved driver locations - {"count":0,"minutes_threshold":10}
[2025-08-31 19:48:24] Retrieved driver locations - {"count":0,"minutes_threshold":10}
[2025-08-31 19:49:20] Retrieved driver locations - {"count":0,"minutes_threshold":10}
[2025-08-31 19:49:24] Retrieved driver locations - {"count":0,"minutes_threshold":10}
[2025-08-31 19:49:37] Retrieved driver locations - {"count":0,"minutes_threshold":10}
[2025-08-31 19:49:37] Retrieved driver locations - {"count":0,"minutes_threshold":10}
[2025-08-31 19:49:50] Retrieved driver locations - {"count":0,"minutes_threshold":10}
[2025-08-31 19:49:54] Retrieved driver locations - {"count":0,"minutes_threshold":10}
[2025-08-31 19:50:20] Retrieved driver locations - {"count":0,"minutes_threshold":10}
[2025-08-31 19:50:24] Retrieved driver locations - {"count":0,"minutes_threshold":10}
[2025-08-31 19:50:37] Retrieved driver locations - {"count":0,"minutes_threshold":10}
[2025-08-31 19:50:37] Retrieved driver locations - {"count":0,"minutes_threshold":10}
[2025-08-31 19:50:50] Retrieved driver locations - {"count":0,"minutes_threshold":10}
[2025-08-31 19:50:54] Retrieved driver locations - {"count":0,"minutes_threshold":10}
[2025-08-31 19:51:20] Retrieved driver locations - {"count":0,"minutes_threshold":10}
[2025-08-31 19:51:37] Retrieved driver locations - {"count":0,"minutes_threshold":10}
[2025-08-31 19:51:37] Retrieved driver locations - {"count":0,"minutes_threshold":10}
[2025-08-31 19:51:37] Retrieved driver locations - {"count":0,"minutes_threshold":10}
[2025-08-31 19:51:50] Retrieved driver locations - {"count":0,"minutes_threshold":10}
[2025-08-31 19:52:20] Retrieved driver locations - {"count":0,"minutes_threshold":10}
[2025-08-31 19:52:37] Retrieved driver locations - {"count":0,"minutes_threshold":10}
[2025-08-31 19:52:37] Retrieved driver locations - {"count":0,"minutes_threshold":10}
[2025-08-31 19:52:37] Retrieved driver locations - {"count":0,"minutes_threshold":10}
[2025-08-31 19:53:21] Retrieved driver locations - {"count":0,"minutes_threshold":10}
[2025-08-31 19:53:37] Retrieved driver locations - {"count":0,"minutes_threshold":10}
[2025-08-31 19:53:37] Retrieved driver locations - {"count":0,"minutes_threshold":10}
[2025-08-31 19:53:37] Retrieved driver locations - {"count":0,"minutes_threshold":10}
[2025-08-31 19:53:39] Retrieved driver locations - {"count":0,"minutes_threshold":10}
[2025-08-31 19:53:47] Retrieved driver locations - {"count":0,"minutes_threshold":10}
[2025-08-31 19:54:18] Retrieved driver locations - {"count":0,"minutes_threshold":10}
[2025-08-31 19:54:22] Retrieved driver locations - {"count":0,"minutes_threshold":10}
[2025-08-31 19:54:22] Retrieved driver locations - {"count":0,"minutes_threshold":10}
[2025-08-31 19:54:36] Retrieved driver locations - {"count":0,"minutes_threshold":10}
[2025-08-31 19:54:37] Retrieved driver locations - {"count":0,"minutes_threshold":10}
[2025-08-31 19:54:37] Retrieved driver locations - {"count":0,"minutes_threshold":10}
[2025-08-31 19:54:37] Retrieved driver locations - {"count":0,"minutes_threshold":10}
[2025-08-31 19:54:48] Retrieved driver locations - {"count":0,"minutes_threshold":10}
[2025-08-31 19:55:07] Retrieved driver locations - {"count":0,"minutes_threshold":10}
[2025-08-31 19:55:18] Retrieved driver locations - {"count":0,"minutes_threshold":10}
[2025-08-31 19:55:22] Retrieved driver locations - {"count":0,"minutes_threshold":10}
[2025-08-31 19:55:23] Retrieved driver locations - {"count":0,"minutes_threshold":10}
[2025-08-31 19:55:31] Retrieved driver locations - {"count":0,"minutes_threshold":10}
[2025-08-31 19:55:36] Retrieved driver locations - {"count":0,"minutes_threshold":10}
[2025-08-31 19:55:37] Retrieved driver locations - {"count":0,"minutes_threshold":10}
[2025-08-31 19:55:37] Retrieved driver locations - {"count":0,"minutes_threshold":10}
[2025-08-31 19:55:37] Retrieved driver locations - {"count":0,"minutes_threshold":10}
[2025-08-31 19:55:37] Retrieved driver locations - {"count":0,"minutes_threshold":10}
[2025-08-31 19:55:48] Retrieved driver locations - {"count":0,"minutes_threshold":10}
[2025-08-31 19:56:02] Retrieved driver locations - {"count":0,"minutes_threshold":10}
[2025-08-31 19:56:03] Retrieved driver locations - {"count":0,"minutes_threshold":10}
[2025-08-31 19:56:07] Retrieved driver locations - {"count":0,"minutes_threshold":10}
[2025-08-31 19:56:13] Retrieved driver locations - {"count":0,"minutes_threshold":10}
[2025-08-31 19:56:18] Retrieved driver locations - {"count":0,"minutes_threshold":10}
[2025-08-31 19:56:24] Retrieved driver locations - {"count":0,"minutes_threshold":10}
[2025-08-31 19:56:32] Retrieved driver locations - {"count":0,"minutes_threshold":10}
[2025-08-31 19:56:33] Retrieved driver locations - {"count":0,"minutes_threshold":10}
[2025-08-31 19:56:34] Retrieved driver locations - {"count":0,"minutes_threshold":10}
[2025-08-31 19:57:00] Retrieved driver locations - {"count":0,"minutes_threshold":10}
[2025-08-31 19:57:08] Retrieved driver locations - {"count":0,"minutes_threshold":10}
[2025-08-31 19:57:13] Retrieved driver locations - {"count":0,"minutes_threshold":10}
[2025-08-31 19:57:19] Received location update - {"driver_id":"1","latitude":33.6991909,"longitude":35.5570517,"accuracy":20,"heading":null,"speed":null,"status":"available","battery_level":null}
[2025-08-31 19:57:19] Location updated successfully - {"driver_id":1,"latitude":33.6991909,"longitude":35.5570517,"status":"available"}
[2025-08-31 19:57:31] Retrieved driver locations - {"count":1,"minutes_threshold":10}
[2025-08-31 19:57:39] Retrieved driver locations - {"count":1,"minutes_threshold":10}
[2025-08-31 19:57:41] Retrieved driver locations - {"count":1,"minutes_threshold":10}
[2025-08-31 19:57:51] Retrieved driver locations - {"count":1,"minutes_threshold":10}
[2025-08-31 19:58:01] Retrieved driver locations - {"count":1,"minutes_threshold":10}
[2025-08-31 19:58:09] Retrieved driver locations - {"count":1,"minutes_threshold":10}
[2025-08-31 19:58:11] Retrieved driver locations - {"count":1,"minutes_threshold":10}
[2025-08-31 19:58:21] Retrieved driver locations - {"count":1,"minutes_threshold":10}
[2025-08-31 19:58:31] Retrieved driver locations - {"count":1,"minutes_threshold":10}
[2025-08-31 19:58:39] Retrieved driver locations - {"count":1,"minutes_threshold":10}
[2025-08-31 19:58:41] Retrieved driver locations - {"count":1,"minutes_threshold":10}
[2025-08-31 19:58:51] Retrieved driver locations - {"count":1,"minutes_threshold":10}
[2025-08-31 19:59:01] Retrieved driver locations - {"count":1,"minutes_threshold":10}
[2025-08-31 19:59:09] Retrieved driver locations - {"count":1,"minutes_threshold":10}
[2025-08-31 19:59:11] Retrieved driver locations - {"count":1,"minutes_threshold":10}
[2025-08-31 19:59:21] Retrieved driver locations - {"count":1,"minutes_threshold":10}
[2025-08-31 19:59:31] Retrieved driver locations - {"count":1,"minutes_threshold":10}
[2025-08-31 19:59:39] Retrieved driver locations - {"count":1,"minutes_threshold":10}
[2025-08-31 19:59:41] Retrieved driver locations - {"count":1,"minutes_threshold":10}
[2025-08-31 19:59:51] Retrieved driver locations - {"count":1,"minutes_threshold":10}
[2025-08-31 20:00:01] Retrieved driver locations - {"count":1,"minutes_threshold":10}
[2025-08-31 20:00:09] Retrieved driver locations - {"count":1,"minutes_threshold":10}
[2025-08-31 20:00:11] Retrieved driver locations - {"count":1,"minutes_threshold":10}
[2025-08-31 20:00:21] Retrieved driver locations - {"count":1,"minutes_threshold":10}
[2025-08-31 20:00:31] Retrieved driver locations - {"count":1,"minutes_threshold":10}
[2025-08-31 20:00:39] Retrieved driver locations - {"count":1,"minutes_threshold":10}
[2025-08-31 20:00:41] Retrieved driver locations - {"count":1,"minutes_threshold":10}
[2025-08-31 20:00:51] Retrieved driver locations - {"count":1,"minutes_threshold":10}
[2025-08-31 20:01:01] Retrieved driver locations - {"count":1,"minutes_threshold":10}
[2025-08-31 20:01:19] Retrieved driver locations - {"count":1,"minutes_threshold":10}
[2025-08-31 20:01:39] Retrieved driver locations - {"count":1,"minutes_threshold":10}
[2025-08-31 20:02:45] Retrieved driver locations - {"count":1,"minutes_threshold":10}
[2025-08-31 20:02:48] Retrieved driver locations - {"count":1,"minutes_threshold":10}
[2025-08-31 20:02:51] Retrieved driver locations - {"count":1,"minutes_threshold":10}
[2025-08-31 20:03:00] Retrieved driver locations - {"count":1,"minutes_threshold":10}
[2025-08-31 20:03:10] Retrieved driver locations - {"count":1,"minutes_threshold":10}
[2025-08-31 20:03:11] Retrieved driver locations - {"count":1,"minutes_threshold":10}
[2025-08-31 20:03:11] Retrieved driver locations - {"count":1,"minutes_threshold":10}
[2025-08-31 20:03:22] Retrieved driver locations - {"count":1,"minutes_threshold":10}
[2025-08-31 20:03:31] Retrieved driver locations - {"count":1,"minutes_threshold":10}
[2025-08-31 20:03:33] Retrieved driver locations - {"count":1,"minutes_threshold":10}
[2025-08-31 20:03:42] Retrieved driver locations - {"count":1,"minutes_threshold":10}
[2025-08-31 20:03:52] Retrieved driver locations - {"count":1,"minutes_threshold":10}
[2025-08-31 20:04:02] Retrieved driver locations - {"count":1,"minutes_threshold":10}
[2025-08-31 20:04:04] Retrieved driver locations - {"count":1,"minutes_threshold":10}
[2025-08-31 20:04:05] Retrieved driver locations - {"count":1,"minutes_threshold":10}
[2025-08-31 20:04:05] Retrieved driver locations - {"count":1,"minutes_threshold":10}
[2025-08-31 20:04:16] Retrieved driver locations - {"count":1,"minutes_threshold":10}
[2025-08-31 20:04:26] Retrieved driver locations - {"count":1,"minutes_threshold":10}
[2025-08-31 20:04:33] Retrieved driver locations - {"count":1,"minutes_threshold":10}
[2025-08-31 20:04:43] Retrieved driver locations - {"count":1,"minutes_threshold":10}
[2025-08-31 20:04:53] Retrieved driver locations - {"count":1,"minutes_threshold":10}
[2025-08-31 20:05:03] Retrieved driver locations - {"count":1,"minutes_threshold":10}
[2025-08-31 20:05:13] Retrieved driver locations - {"count":1,"minutes_threshold":10}
[2025-08-31 20:05:23] Retrieved driver locations - {"count":1,"minutes_threshold":10}
[2025-08-31 20:05:33] Retrieved driver locations - {"count":1,"minutes_threshold":10}
[2025-08-31 20:05:43] Retrieved driver locations - {"count":1,"minutes_threshold":10}
[2025-08-31 20:05:53] Retrieved driver locations - {"count":1,"minutes_threshold":10}
[2025-08-31 20:05:54] Retrieved driver locations - {"count":1,"minutes_threshold":10}
[2025-08-31 20:06:05] Retrieved driver locations - {"count":1,"minutes_threshold":10}
[2025-08-31 20:06:06] Retrieved driver locations - {"count":1,"minutes_threshold":10}
[2025-08-31 20:06:06] Retrieved driver locations - {"count":1,"minutes_threshold":10}
[2025-08-31 20:06:17] Retrieved driver locations - {"count":1,"minutes_threshold":10}
[2025-08-31 20:06:27] Retrieved driver locations - {"count":1,"minutes_threshold":10}
[2025-08-31 20:06:37] Retrieved driver locations - {"count":1,"minutes_threshold":10}
[2025-08-31 20:06:46] Retrieved driver locations - {"count":1,"minutes_threshold":10}
[2025-08-31 20:06:50] Retrieved driver locations - {"count":1,"minutes_threshold":10}
[2025-08-31 20:07:01] Retrieved driver locations - {"count":1,"minutes_threshold":10}
[2025-08-31 20:07:01] Retrieved driver locations - {"count":1,"minutes_threshold":10}
[2025-08-31 20:07:11] Retrieved driver locations - {"count":1,"minutes_threshold":10}
[2025-08-31 20:07:19] Retrieved driver locations - {"count":0,"minutes_threshold":10}
[2025-08-31 20:07:30] Retrieved driver locations - {"count":0,"minutes_threshold":10}
[2025-08-31 20:07:40] Retrieved driver locations - {"count":0,"minutes_threshold":10}
[2025-08-31 20:07:50] Retrieved driver locations - {"count":0,"minutes_threshold":10}
[2025-08-31 20:08:00] Retrieved driver locations - {"count":0,"minutes_threshold":10}
[2025-08-31 20:08:10] Retrieved driver locations - {"count":0,"minutes_threshold":10}
[2025-08-31 20:08:20] Retrieved driver locations - {"count":0,"minutes_threshold":10}
[2025-08-31 20:08:30] Retrieved driver locations - {"count":0,"minutes_threshold":10}
[2025-08-31 20:08:31] Received location update - {"driver_id":"1","latitude":33.6991896,"longitude":35.5570617,"accuracy":20.48,"heading":null,"speed":null,"status":"available","battery_level":null}
[2025-08-31 20:08:31] Received location update - {"driver_id":"1","latitude":33.6991896,"longitude":35.5570617,"accuracy":20.48,"heading":null,"speed":null,"status":"available","battery_level":null}
[2025-08-31 20:08:31] Location updated successfully - {"driver_id":1,"latitude":33.6991896,"longitude":35.5570617,"status":"available"}
[2025-08-31 20:08:32] Received location update - {"driver_id":"1","latitude":33.6991896,"longitude":35.5570617,"accuracy":20.48,"heading":null,"speed":null,"status":"available","battery_level":null}
[2025-08-31 20:08:32] Coordinates unchanged for driver - {"driver_id":1,"current":{"lat":33.6991896,"lng":35.5570617},"previous":{"lat":"33.69918960","lng":"35.55706170"},"difference":{"lat":0,"lng":0}}
[2025-08-31 20:08:32] Location updated successfully - {"driver_id":1,"latitude":33.6991896,"longitude":35.5570617,"status":"available"}
[2025-08-31 20:08:37] Retrieved driver locations - {"count":1,"minutes_threshold":10}
[2025-08-31 20:08:48] Retrieved driver locations - {"count":1,"minutes_threshold":10}
[2025-08-31 20:08:58] Retrieved driver locations - {"count":1,"minutes_threshold":10}
[2025-08-31 20:09:08] Retrieved driver locations - {"count":1,"minutes_threshold":10}
[2025-08-31 20:09:18] Retrieved driver locations - {"count":1,"minutes_threshold":10}
[2025-08-31 20:09:28] Retrieved driver locations - {"count":1,"minutes_threshold":10}
[2025-08-31 20:09:38] Retrieved driver locations - {"count":1,"minutes_threshold":10}
[2025-08-31 20:09:48] Retrieved driver locations - {"count":1,"minutes_threshold":10}
[2025-08-31 20:10:11] Retrieved driver locations - {"count":1,"minutes_threshold":10}
[2025-08-31 20:10:27] Received location update - {"driver_id":"1","latitude":33.882112,"longitude":35.520512,"status":"offline"}
[2025-08-31 20:10:29] Received location update - {"driver_id":"1","latitude":33.882112,"longitude":35.520512,"status":"offline"}
[2025-08-31 20:10:29] Retrieved driver locations - {"count":1,"minutes_threshold":10}
[2025-08-31 20:10:37] Retrieved driver locations - {"count":1,"minutes_threshold":10}
[2025-08-31 20:11:12] Retrieved driver locations - {"count":1,"minutes_threshold":10}
[2025-08-31 20:11:14] Retrieved driver locations - {"count":1,"minutes_threshold":10}
[2025-08-31 20:11:21] Received location update - {"driver_id":"1","latitude":33.882112,"longitude":35.520512,"status":"offline"}
[2025-08-31 20:11:23] Received location update - {"driver_id":"1","latitude":33.882112,"longitude":35.520512,"status":"offline"}
[2025-08-31 20:11:25] Retrieved driver locations - {"count":1,"minutes_threshold":10}
[2025-08-31 20:11:34] Retrieved driver locations - {"count":1,"minutes_threshold":10}
[2025-08-31 20:11:44] Retrieved driver locations - {"count":1,"minutes_threshold":10}
[2025-08-31 20:11:54] Retrieved driver locations - {"count":1,"minutes_threshold":10}
[2025-08-31 20:12:04] Retrieved driver locations - {"count":1,"minutes_threshold":10}
[2025-08-31 20:12:14] Retrieved driver locations - {"count":1,"minutes_threshold":10}
[2025-08-31 20:13:17] Retrieved driver locations - {"count":1,"minutes_threshold":10}
[2025-08-31 20:13:27] Retrieved driver locations - {"count":1,"minutes_threshold":10}
[2025-08-31 20:13:37] Retrieved driver locations - {"count":1,"minutes_threshold":10}
[2025-08-31 20:13:45] Retrieved driver locations - {"count":1,"minutes_threshold":10}
[2025-08-31 20:13:50] Retrieved driver locations - {"count":1,"minutes_threshold":10}
[2025-08-31 20:14:00] Retrieved driver locations - {"count":1,"minutes_threshold":10}
[2025-08-31 20:14:01] Retrieved driver locations - {"count":1,"minutes_threshold":10}
[2025-08-31 20:14:02] Retrieved driver locations - {"count":1,"minutes_threshold":10}
[2025-08-31 20:14:08] Retrieved driver locations - {"count":1,"minutes_threshold":10}
[2025-08-31 20:14:13] Retrieved driver locations - {"count":1,"minutes_threshold":10}
[2025-08-31 20:14:16] Retrieved driver locations - {"count":1,"minutes_threshold":10}
[2025-08-31 20:14:22] Retrieved driver locations - {"count":1,"minutes_threshold":10}
[2025-08-31 20:14:30] Retrieved driver locations - {"count":1,"minutes_threshold":10}
[2025-08-31 20:14:36] Retrieved driver locations - {"count":1,"minutes_threshold":10}
[2025-08-31 20:14:37] Retrieved driver locations - {"count":1,"minutes_threshold":10}
[2025-08-31 20:14:37] Retrieved driver locations - {"count":1,"minutes_threshold":10}
[2025-08-31 20:14:38] Retrieved driver locations - {"count":1,"minutes_threshold":10}
[2025-08-31 20:14:38] Retrieved driver locations - {"count":1,"minutes_threshold":10}
[2025-08-31 20:14:48] Retrieved driver locations - {"count":1,"minutes_threshold":10}
[2025-08-31 20:14:55] Received location update - {"driver_id":"1","latitude":33.882112,"longitude":35.520512,"status":"offline"}
[2025-08-31 20:14:57] Received location update - {"driver_id":"1","latitude":33.882112,"longitude":35.520512,"status":"offline"}
[2025-08-31 20:14:58] Retrieved driver locations - {"count":1,"minutes_threshold":10}
[2025-08-31 20:14:59] Retrieved driver locations - {"count":1,"minutes_threshold":10}
[2025-08-31 20:15:01] Retrieved driver locations - {"count":1,"minutes_threshold":10}
[2025-08-31 20:15:01] Retrieved driver locations - {"count":1,"minutes_threshold":10}
[2025-08-31 20:15:01] Retrieved driver locations - {"count":1,"minutes_threshold":10}
[2025-08-31 20:15:02] Received location update - {"driver_id":"1","latitude":33.882112,"longitude":35.520512,"status":"offline"}
[2025-08-31 20:15:03] Retrieved driver locations - {"count":1,"minutes_threshold":10}
[2025-08-31 20:15:08] Retrieved driver locations - {"count":1,"minutes_threshold":10}
[2025-08-31 20:15:09] Received location update - {"driver_id":"1","latitude":33.882112,"longitude":35.520512,"status":"offline"}
[2025-08-31 20:15:11] Retrieved driver locations - {"count":1,"minutes_threshold":10}
[2025-08-31 20:15:38] Retrieved driver locations - {"count":1,"minutes_threshold":10}
[2025-08-31 20:15:43] Retrieved driver locations - {"count":1,"minutes_threshold":10}
[2025-08-31 20:15:53] Retrieved driver locations - {"count":1,"minutes_threshold":10}
[2025-08-31 20:15:55] Retrieved driver locations - {"count":1,"minutes_threshold":10}
[2025-08-31 20:15:56] Retrieved driver locations - {"count":1,"minutes_threshold":10}
[2025-08-31 20:16:06] Retrieved driver locations - {"count":1,"minutes_threshold":10}
[2025-08-31 20:16:08] Retrieved driver locations - {"count":1,"minutes_threshold":10}
[2025-08-31 20:16:08] Retrieved driver locations - {"count":1,"minutes_threshold":10}
[2025-08-31 20:16:18] Retrieved driver locations - {"count":1,"minutes_threshold":10}
[2025-08-31 20:16:38] Retrieved driver locations - {"count":1,"minutes_threshold":10}
[2025-08-31 20:17:02] Retrieved driver locations - {"count":1,"minutes_threshold":10}
[2025-08-31 20:17:04] Retrieved driver locations - {"count":1,"minutes_threshold":10}
[2025-08-31 20:17:11] Retrieved driver locations - {"count":1,"minutes_threshold":10}
[2025-08-31 20:17:29] Retrieved driver locations - {"count":1,"minutes_threshold":10}
[2025-08-31 20:17:37] Retrieved driver locations - {"count":1,"minutes_threshold":10}
[2025-08-31 20:17:42] Received location update - {"driver_id":"2","latitude":33.6991909,"longitude":35.5570517,"accuracy":20,"heading":null,"speed":null,"status":"available","battery_level":null}
[2025-08-31 20:17:42] Received location update - {"driver_id":"2","latitude":33.6991909,"longitude":35.5570517,"accuracy":20,"heading":null,"speed":null,"status":"available","battery_level":null}
[2025-08-31 20:17:42] Location updated successfully - {"driver_id":2,"latitude":33.6991909,"longitude":35.5570517,"status":"available"}
[2025-08-31 20:17:42] Location updated successfully - {"driver_id":2,"latitude":33.6991909,"longitude":35.5570517,"status":"available"}
[2025-08-31 20:17:44] Received location update - {"driver_id":"2","latitude":33.6991909,"longitude":35.5570517,"accuracy":20,"heading":null,"speed":null,"status":"available","battery_level":null}
[2025-08-31 20:17:44] Coordinates unchanged for driver - {"driver_id":2,"current":{"lat":33.6991909,"lng":35.5570517},"previous":{"lat":"33.69919090","lng":"35.55705170"},"difference":{"lat":0,"lng":0}}
[2025-08-31 20:17:44] Location updated successfully - {"driver_id":2,"latitude":33.6991909,"longitude":35.5570517,"status":"available"}
[2025-08-31 20:17:50] Retrieved driver locations - {"count":2,"minutes_threshold":10}
[2025-08-31 20:18:00] Retrieved driver locations - {"count":2,"minutes_threshold":10}
[2025-08-31 20:18:00] Retrieved driver locations - {"count":2,"minutes_threshold":10}
[2025-08-31 20:18:10] Retrieved driver locations - {"count":2,"minutes_threshold":10}
[2025-08-31 20:18:10] Retrieved driver locations - {"count":2,"minutes_threshold":10}
[2025-08-31 20:18:16] Received location update - {"driver_id":"2","latitude":33.6991909,"longitude":35.5570517,"accuracy":20,"heading":null,"speed":null,"status":"available","battery_level":null}
[2025-08-31 20:18:16] Coordinates unchanged for driver - {"driver_id":2,"current":{"lat":33.6991909,"lng":35.5570517},"previous":{"lat":"33.69919090","lng":"35.55705170"},"difference":{"lat":0,"lng":0}}
[2025-08-31 20:18:16] Received location update - {"driver_id":"2","latitude":33.6991909,"longitude":35.5570517,"accuracy":20,"heading":null,"speed":null,"status":"available","battery_level":null}
[2025-08-31 20:18:16] Coordinates unchanged for driver - {"driver_id":2,"current":{"lat":33.6991909,"lng":35.5570517},"previous":{"lat":"33.69919090","lng":"35.55705170"},"difference":{"lat":0,"lng":0}}
[2025-08-31 20:18:16] Location updated successfully - {"driver_id":2,"latitude":33.6991909,"longitude":35.5570517,"status":"available"}
[2025-08-31 20:18:16] Location updated successfully - {"driver_id":2,"latitude":33.6991909,"longitude":35.5570517,"status":"available"}
[2025-08-31 20:18:18] Received location update - {"driver_id":"2","latitude":33.6991909,"longitude":35.5570517,"accuracy":20,"heading":null,"speed":null,"status":"available","battery_level":null}
[2025-08-31 20:18:18] Coordinates unchanged for driver - {"driver_id":2,"current":{"lat":33.6991909,"lng":35.5570517},"previous":{"lat":"33.69919090","lng":"35.55705170"},"difference":{"lat":0,"lng":0}}
[2025-08-31 20:18:18] Location updated successfully - {"driver_id":2,"latitude":33.6991909,"longitude":35.5570517,"status":"available"}
[2025-08-31 20:18:21] Retrieved driver locations - {"count":2,"minutes_threshold":10}
[2025-08-31 20:18:30] Retrieved driver locations - {"count":2,"minutes_threshold":10}
[2025-08-31 20:18:30] Retrieved driver locations - {"count":2,"minutes_threshold":10}
[2025-08-31 20:18:34] Retrieved driver locations - {"count":1,"minutes_threshold":10}
[2025-08-31 20:18:44] Retrieved driver locations - {"count":1,"minutes_threshold":10}
[2025-08-31 20:18:54] Retrieved driver locations - {"count":1,"minutes_threshold":10}
[2025-08-31 20:19:00] Retrieved driver locations - {"count":1,"minutes_threshold":10}
[2025-08-31 20:19:04] Retrieved driver locations - {"count":1,"minutes_threshold":10}
[2025-08-31 20:19:14] Retrieved driver locations - {"count":1,"minutes_threshold":10}
[2025-08-31 20:19:24] Retrieved driver locations - {"count":1,"minutes_threshold":10}
[2025-08-31 20:19:30] Retrieved driver locations - {"count":1,"minutes_threshold":10}
[2025-08-31 20:19:34] Retrieved driver locations - {"count":1,"minutes_threshold":10}
[2025-08-31 20:19:44] Retrieved driver locations - {"count":1,"minutes_threshold":10}
[2025-08-31 20:19:54] Retrieved driver locations - {"count":1,"minutes_threshold":10}
[2025-08-31 20:20:00] Retrieved driver locations - {"count":1,"minutes_threshold":10}
[2025-08-31 20:20:04] Retrieved driver locations - {"count":1,"minutes_threshold":10}
[2025-08-31 20:20:14] Retrieved driver locations - {"count":1,"minutes_threshold":10}
[2025-08-31 20:20:24] Retrieved driver locations - {"count":1,"minutes_threshold":10}
[2025-08-31 20:20:30] Retrieved driver locations - {"count":1,"minutes_threshold":10}
[2025-08-31 20:20:34] Retrieved driver locations - {"count":1,"minutes_threshold":10}
[2025-08-31 20:20:44] Retrieved driver locations - {"count":1,"minutes_threshold":10}
[2025-08-31 20:20:54] Retrieved driver locations - {"count":1,"minutes_threshold":10}
[2025-08-31 20:21:00] Retrieved driver locations - {"count":1,"minutes_threshold":10}
[2025-08-31 20:21:04] Retrieved driver locations - {"count":1,"minutes_threshold":10}
[2025-08-31 20:21:14] Retrieved driver locations - {"count":1,"minutes_threshold":10}
[2025-08-31 20:21:24] Retrieved driver locations - {"count":1,"minutes_threshold":10}
[2025-08-31 20:21:34] Retrieved driver locations - {"count":1,"minutes_threshold":10}
[2025-08-31 20:21:37] Retrieved driver locations - {"count":1,"minutes_threshold":10}
[2025-08-31 20:21:44] Retrieved driver locations - {"count":1,"minutes_threshold":10}
[2025-08-31 20:21:54] Retrieved driver locations - {"count":1,"minutes_threshold":10}
[2025-08-31 20:22:04] Retrieved driver locations - {"count":1,"minutes_threshold":10}
[2025-08-31 20:22:14] Retrieved driver locations - {"count":1,"minutes_threshold":10}
[2025-08-31 20:22:24] Retrieved driver locations - {"count":1,"minutes_threshold":10}
[2025-08-31 20:22:34] Retrieved driver locations - {"count":1,"minutes_threshold":10}
[2025-08-31 20:22:37] Retrieved driver locations - {"count":1,"minutes_threshold":10}
[2025-08-31 20:22:44] Retrieved driver locations - {"count":1,"minutes_threshold":10}
[2025-08-31 20:22:54] Retrieved driver locations - {"count":1,"minutes_threshold":10}
[2025-08-31 20:23:04] Retrieved driver locations - {"count":1,"minutes_threshold":10}
[2025-08-31 20:23:14] Retrieved driver locations - {"count":1,"minutes_threshold":10}
[2025-09-01 08:00:04] Retrieved driver locations - {"count":0,"minutes_threshold":10}
[2025-09-01 08:00:47] Retrieved driver locations - {"count":0,"minutes_threshold":10}
[2025-09-01 08:01:17] Retrieved driver locations - {"count":0,"minutes_threshold":10}
[2025-09-01 08:01:47] Retrieved driver locations - {"count":0,"minutes_threshold":10}
[2025-09-01 08:02:17] Retrieved driver locations - {"count":0,"minutes_threshold":10}
[2025-09-01 08:02:47] Retrieved driver locations - {"count":0,"minutes_threshold":10}
[2025-09-01 08:02:47] Retrieved driver locations - {"count":0,"minutes_threshold":10}
[2025-09-01 08:02:52] Retrieved driver locations - {"count":0,"minutes_threshold":10}
[2025-09-01 08:03:18] Retrieved driver locations - {"count":0,"minutes_threshold":10}
[2025-09-01 08:03:20] Retrieved driver locations - {"count":0,"minutes_threshold":10}
[2025-09-01 08:03:48] Retrieved driver locations - {"count":0,"minutes_threshold":10}
[2025-09-01 08:03:57] Retrieved driver locations - {"count":0,"minutes_threshold":10}
[2025-09-01 08:04:02] Retrieved driver locations - {"count":0,"minutes_threshold":10}
[2025-09-01 08:04:03] Retrieved driver locations - {"count":0,"minutes_threshold":10}
[2025-09-01 08:04:13] Retrieved driver locations - {"count":0,"minutes_threshold":10}
[2025-09-01 08:04:18] Retrieved driver locations - {"count":0,"minutes_threshold":10}
[2025-09-01 08:04:25] Retrieved driver locations - {"count":0,"minutes_threshold":10}
[2025-09-01 08:04:28] Retrieved driver locations - {"count":0,"minutes_threshold":10}
[2025-09-01 08:04:48] Retrieved driver locations - {"count":0,"minutes_threshold":10}
[2025-09-01 08:04:53] Retrieved driver locations - {"count":0,"minutes_threshold":10}
[2025-09-01 08:05:03] Retrieved driver locations - {"count":0,"minutes_threshold":10}
[2025-09-01 08:09:37] Retrieved driver locations - {"count":0,"minutes_threshold":10}
[2025-09-01 08:10:00] Retrieved driver locations - {"count":0,"minutes_threshold":10}
[2025-09-01 08:10:08] Retrieved driver locations - {"count":0,"minutes_threshold":10}
[2025-09-01 08:10:17] Retrieved driver locations - {"count":0,"minutes_threshold":10}
[2025-09-01 08:10:38] Retrieved driver locations - {"count":0,"minutes_threshold":10}
[2025-09-01 08:10:48] Retrieved driver locations - {"count":0,"minutes_threshold":10}
[2025-09-01 08:11:08] Retrieved driver locations - {"count":0,"minutes_threshold":10}
[2025-09-01 08:11:18] Retrieved driver locations - {"count":0,"minutes_threshold":10}
[2025-09-01 08:11:38] Retrieved driver locations - {"count":0,"minutes_threshold":10}
[2025-09-01 08:11:48] Retrieved driver locations - {"count":0,"minutes_threshold":10}
[2025-09-01 08:12:08] Retrieved driver locations - {"count":0,"minutes_threshold":10}
[2025-09-01 08:12:08] Retrieved driver locations - {"count":0,"minutes_threshold":10}
[2025-09-01 08:12:18] Retrieved driver locations - {"count":0,"minutes_threshold":10}
[2025-09-01 08:12:38] Retrieved driver locations - {"count":0,"minutes_threshold":10}
[2025-09-01 08:12:39] Retrieved driver locations - {"count":0,"minutes_threshold":10}
[2025-09-01 08:12:48] Retrieved driver locations - {"count":0,"minutes_threshold":10}
[2025-09-01 08:13:08] Retrieved driver locations - {"count":0,"minutes_threshold":10}
[2025-09-01 08:13:09] Retrieved driver locations - {"count":0,"minutes_threshold":10}
[2025-09-01 08:13:18] Retrieved driver locations - {"count":0,"minutes_threshold":10}
[2025-09-01 08:13:38] Retrieved driver locations - {"count":0,"minutes_threshold":10}
[2025-09-01 08:13:39] Retrieved driver locations - {"count":0,"minutes_threshold":10}
[2025-09-01 08:13:48] Retrieved driver locations - {"count":0,"minutes_threshold":10}
[2025-09-01 08:13:50] Received location update - {"driver_id":"1","latitude":33.8599393,"longitude":35.5369616,"accuracy":19.23,"heading":null,"speed":null,"status":"available","battery_level":null}
[2025-09-01 08:13:50] Location updated successfully - {"driver_id":1,"latitude":33.8599393,"longitude":35.5369616,"status":"available"}
[2025-09-01 08:13:59] Received location update - {"driver_id":"1","latitude":33.8599393,"longitude":35.5369616,"accuracy":19.23,"heading":null,"speed":null,"status":"available","battery_level":null}
[2025-09-01 08:13:59] Coordinates unchanged for driver - {"driver_id":1,"current":{"lat":33.8599393,"lng":35.5369616},"previous":{"lat":"33.85993930","lng":"35.53696160"},"difference":{"lat":0,"lng":0}}
[2025-09-01 08:13:59] Location updated successfully - {"driver_id":1,"latitude":33.8599393,"longitude":35.5369616,"status":"available"}
[2025-09-01 08:14:06] Retrieved driver locations - {"count":1,"minutes_threshold":10}
[2025-09-01 08:14:09] Retrieved driver locations - {"count":1,"minutes_threshold":10}
[2025-09-01 08:14:12] Retrieved driver locations - {"count":1,"minutes_threshold":10}
[2025-09-01 08:14:18] Retrieved driver locations - {"count":1,"minutes_threshold":10}
[2025-09-01 08:14:23] Retrieved driver locations - {"count":1,"minutes_threshold":10}
[2025-09-01 08:14:33] Retrieved driver locations - {"count":1,"minutes_threshold":10}
[2025-09-01 08:14:39] Retrieved driver locations - {"count":1,"minutes_threshold":10}
[2025-09-01 08:14:43] Retrieved driver locations - {"count":1,"minutes_threshold":10}
[2025-09-01 08:14:48] Retrieved driver locations - {"count":1,"minutes_threshold":10}
[2025-09-01 08:14:53] Retrieved driver locations - {"count":1,"minutes_threshold":10}
[2025-09-01 08:15:03] Retrieved driver locations - {"count":1,"minutes_threshold":10}
[2025-09-01 08:15:09] Retrieved driver locations - {"count":1,"minutes_threshold":10}
[2025-09-01 08:15:13] Retrieved driver locations - {"count":1,"minutes_threshold":10}
[2025-09-01 08:15:18] Retrieved driver locations - {"count":1,"minutes_threshold":10}
[2025-09-01 08:15:23] Retrieved driver locations - {"count":1,"minutes_threshold":10}
[2025-09-01 08:15:33] Retrieved driver locations - {"count":1,"minutes_threshold":10}
[2025-09-01 08:15:39] Retrieved driver locations - {"count":1,"minutes_threshold":10}
[2025-09-01 08:16:19] Retrieved driver locations - {"count":1,"minutes_threshold":10}
[2025-09-01 08:16:33] Retrieved driver locations - {"count":1,"minutes_threshold":10}
[2025-09-01 08:16:33] Retrieved driver locations - {"count":1,"minutes_threshold":10}
[2025-09-01 08:17:20] Retrieved driver locations - {"count":1,"minutes_threshold":10}
[2025-09-01 08:17:33] Retrieved driver locations - {"count":1,"minutes_threshold":10}
[2025-09-01 08:17:33] Retrieved driver locations - {"count":1,"minutes_threshold":10}
[2025-09-01 08:18:21] Retrieved driver locations - {"count":1,"minutes_threshold":10}
[2025-09-01 08:18:33] Retrieved driver locations - {"count":1,"minutes_threshold":10}
[2025-09-01 08:18:33] Retrieved driver locations - {"count":1,"minutes_threshold":10}
[2025-09-01 08:19:22] Retrieved driver locations - {"count":1,"minutes_threshold":10}
[2025-09-01 08:19:33] Retrieved driver locations - {"count":1,"minutes_threshold":10}
[2025-09-01 08:19:33] Retrieved driver locations - {"count":1,"minutes_threshold":10}
[2025-09-01 08:20:23] Retrieved driver locations - {"count":1,"minutes_threshold":10}
[2025-09-01 08:20:33] Retrieved driver locations - {"count":1,"minutes_threshold":10}
[2025-09-01 08:20:33] Retrieved driver locations - {"count":1,"minutes_threshold":10}
[2025-09-01 08:21:24] Retrieved driver locations - {"count":1,"minutes_threshold":10}
[2025-09-01 08:21:33] Retrieved driver locations - {"count":1,"minutes_threshold":10}
[2025-09-01 08:21:33] Retrieved driver locations - {"count":1,"minutes_threshold":10}
[2025-09-01 08:22:25] Retrieved driver locations - {"count":1,"minutes_threshold":10}
[2025-09-01 08:22:33] Retrieved driver locations - {"count":1,"minutes_threshold":10}
[2025-09-01 08:22:33] Retrieved driver locations - {"count":1,"minutes_threshold":10}
[2025-09-01 08:23:26] Retrieved driver locations - {"count":1,"minutes_threshold":10}
[2025-09-01 08:23:33] Retrieved driver locations - {"count":1,"minutes_threshold":10}
[2025-09-01 08:23:33] Retrieved driver locations - {"count":1,"minutes_threshold":10}
[2025-09-01 08:24:27] Retrieved driver locations - {"count":0,"minutes_threshold":10}
[2025-09-01 08:24:33] Retrieved driver locations - {"count":0,"minutes_threshold":10}
[2025-09-01 08:24:33] Retrieved driver locations - {"count":0,"minutes_threshold":10}
[2025-09-01 08:25:28] Retrieved driver locations - {"count":0,"minutes_threshold":10}
[2025-09-01 08:25:33] Retrieved driver locations - {"count":0,"minutes_threshold":10}
[2025-09-01 08:25:33] Retrieved driver locations - {"count":0,"minutes_threshold":10}
[2025-09-01 08:27:50] Location update received - {"driver_id":"1","latitude":33.8886656,"longitude":35.5434496,"accuracy":47459.23719912872,"heading":null,"speed":null,"status":"available","battery_level":null}
[2025-09-01 08:27:50] Location update failed - {"error":"Unknown column 'accuracy' in 'field list'","driver_id":1}
[2025-09-01 08:27:52] Location update received - {"driver_id":"1","latitude":33.8886656,"longitude":35.5434496,"accuracy":47459.23719912872,"heading":null,"speed":null,"status":"available","battery_level":null}
[2025-09-01 08:27:52] Location update failed - {"error":"Unknown column 'accuracy' in 'field list'","driver_id":1}
[2025-09-01 08:27:53] Location update received - {"driver_id":"1","latitude":33.8886656,"longitude":35.5434496,"accuracy":47459.23719912872,"heading":null,"speed":null,"status":"available","battery_level":null}
[2025-09-01 08:27:53] Location update received - {"driver_id":"1","latitude":33.8886656,"longitude":35.5434496,"accuracy":47459.23719912872,"heading":null,"speed":null,"status":"available","battery_level":null}
[2025-09-01 08:27:53] Location update failed - {"error":"Unknown column 'accuracy' in 'field list'","driver_id":1}
[2025-09-01 08:27:53] Location update failed - {"error":"Unknown column 'accuracy' in 'field list'","driver_id":1}
[2025-09-01 08:27:55] Location update received - {"driver_id":"1","latitude":33.8886656,"longitude":35.5434496,"accuracy":47459.23719912872,"heading":null,"speed":null,"status":"available","battery_level":null}
[2025-09-01 08:27:55] Location update failed - {"error":"Unknown column 'accuracy' in 'field list'","driver_id":1}
[2025-09-01 08:27:56] Location update received - {"driver_id":"1","latitude":33.8886656,"longitude":35.5434496,"accuracy":47459.23719912872,"heading":null,"speed":null,"status":"available","battery_level":null}
[2025-09-01 08:27:56] Location update failed - {"error":"Unknown column 'accuracy' in 'field list'","driver_id":1}
[2025-09-01 08:27:57] Location update received - {"driver_id":"1","latitude":33.8886656,"longitude":35.5434496,"accuracy":47459.23719912872,"heading":null,"speed":null,"status":"available","battery_level":null}
[2025-09-01 08:27:57] Location update failed - {"error":"Unknown column 'accuracy' in 'field list'","driver_id":1}
[2025-09-01 08:28:01] Location update received - {"driver_id":"1","latitude":33.8886656,"longitude":35.5434496,"accuracy":47459.23719912872,"heading":null,"speed":null,"status":"available","battery_level":null}
[2025-09-01 08:28:01] Location update failed - {"error":"Unknown column 'accuracy' in 'field list'","driver_id":1}
[2025-09-01 08:28:11] Location update received - {"driver_id":"1","latitude":33.8886656,"longitude":35.5434496,"accuracy":47459.23719912872,"heading":null,"speed":null,"status":"available","battery_level":null}
[2025-09-01 08:28:11] Location update failed - {"error":"Unknown column 'accuracy' in 'field list'","driver_id":1}
[2025-09-01 08:28:13] Location update received - {"driver_id":"1","latitude":33.8886656,"longitude":35.5434496,"accuracy":47459.23719912872,"heading":null,"speed":null,"status":"available","battery_level":null}
[2025-09-01 08:28:13] Location update failed - {"error":"Unknown column 'accuracy' in 'field list'","driver_id":1}
[2025-09-01 08:28:16] Location update received - {"driver_id":"1","latitude":33.8886656,"longitude":35.5434496,"accuracy":47459.23719912872,"heading":null,"speed":null,"status":"available","battery_level":null}
[2025-09-01 08:28:16] Location update failed - {"error":"Unknown column 'accuracy' in 'field list'","driver_id":1}
[2025-09-01 08:28:17] Location update received - {"driver_id":"1","latitude":33.8886656,"longitude":35.5434496,"accuracy":47459.23719912872,"heading":null,"speed":null,"status":"available","battery_level":null}
[2025-09-01 08:28:17] Location update failed - {"error":"Unknown column 'accuracy' in 'field list'","driver_id":1}
[2025-09-01 08:28:18] Location update received - {"driver_id":"1","latitude":33.8886656,"longitude":35.5434496,"accuracy":47459.23719912872,"heading":null,"speed":null,"status":"available","battery_level":null}
[2025-09-01 08:28:18] Location update failed - {"error":"Unknown column 'accuracy' in 'field list'","driver_id":1}
[2025-09-01 08:28:22] Location update received - {"driver_id":"1","latitude":33.8886656,"longitude":35.5434496,"accuracy":47459.23719912872,"heading":null,"speed":null,"status":"available","battery_level":null}
[2025-09-01 08:28:22] Location update failed - {"error":"Unknown column 'accuracy' in 'field list'","driver_id":1}
[2025-09-01 08:28:24] Location update received - {"driver_id":"1","latitude":33.8886656,"longitude":35.5434496,"accuracy":47459.23719912872,"heading":null,"speed":null,"status":"available","battery_level":null}
[2025-09-01 08:28:24] Location update failed - {"error":"Unknown column 'accuracy' in 'field list'","driver_id":1}
[2025-09-01 08:31:03] Cleaned up offline drivers - {"count":3}
[2025-09-01 08:33:30] Location update received - {"driver_id":"1","latitude":33.8886656,"longitude":35.5434496,"accuracy":47459.23719912872,"heading":null,"speed":null,"status":"available","battery_level":null}
[2025-09-01 08:33:30] Location update received - {"driver_id":"1","latitude":33.8886656,"longitude":35.5434496,"accuracy":47459.23719912872,"heading":null,"speed":null,"status":"available","battery_level":null}
[2025-09-01 08:33:30] Location update received - {"driver_id":"1","latitude":33.8886656,"longitude":35.5434496,"accuracy":47459.23719912872,"heading":null,"speed":null,"status":"available","battery_level":null}
[2025-09-01 08:33:30] Location update failed - {"error":"Unknown column 'accuracy' in 'field list'","driver_id":1}
[2025-09-01 08:33:30] Location update failed - {"error":"Unknown column 'accuracy' in 'field list'","driver_id":1}
[2025-09-01 08:33:30] Location update failed - {"error":"Unknown column 'accuracy' in 'field list'","driver_id":1}
[2025-09-01 08:33:30] Location update received - {"driver_id":"1","latitude":33.8886656,"longitude":35.5434496,"accuracy":47459.23719912872,"heading":null,"speed":null,"status":"available","battery_level":null}
[2025-09-01 08:33:30] Location update received - {"driver_id":"1","latitude":33.8886656,"longitude":35.5434496,"accuracy":47459.23719912872,"heading":null,"speed":null,"status":"available","battery_level":null}
[2025-09-01 08:33:30] Location update failed - {"error":"Unknown column 'accuracy' in 'field list'","driver_id":1}
[2025-09-01 08:33:30] Location update failed - {"error":"Unknown column 'accuracy' in 'field list'","driver_id":1}
[2025-09-01 08:33:32] Location update received - {"driver_id":"1","latitude":33.8886656,"longitude":35.5434496,"accuracy":47459.23719912872,"heading":null,"speed":null,"status":"available","battery_level":null}
[2025-09-01 08:33:32] Location update failed - {"error":"Unknown column 'accuracy' in 'field list'","driver_id":1}
[2025-09-01 08:33:32] Location update received - {"driver_id":"1","latitude":33.8886656,"longitude":35.5434496,"accuracy":47459.23719912872,"heading":null,"speed":null,"status":"available","battery_level":null}
[2025-09-01 08:33:32] Location update failed - {"error":"Unknown column 'accuracy' in 'field list'","driver_id":1}
[2025-09-01 08:33:34] Location update received - {"driver_id":"1","latitude":33.8886656,"longitude":35.5434496,"accuracy":47459.23719912872,"heading":null,"speed":null,"status":"available","battery_level":null}
[2025-09-01 08:33:34] Location update failed - {"error":"Unknown column 'accuracy' in 'field list'","driver_id":1}
[2025-09-01 08:33:34] Location update received - {"driver_id":"1","latitude":33.8886656,"longitude":35.5434496,"accuracy":47459.23719912872,"heading":null,"speed":null,"status":"available","battery_level":null}
[2025-09-01 08:33:34] Location update failed - {"error":"Unknown column 'accuracy' in 'field list'","driver_id":1}
[2025-09-01 08:33:36] Location update received - {"driver_id":"1","latitude":33.8886656,"longitude":35.5434496,"accuracy":47459.23719912872,"heading":null,"speed":null,"status":"available","battery_level":null}
[2025-09-01 08:33:36] Location update failed - {"error":"Unknown column 'accuracy' in 'field list'","driver_id":1}
[2025-09-01 08:33:36] Location update received - {"driver_id":"1","latitude":33.8886656,"longitude":35.5434496,"accuracy":47459.23719912872,"heading":null,"speed":null,"status":"available","battery_level":null}
[2025-09-01 08:33:36] Location update failed - {"error":"Unknown column 'accuracy' in 'field list'","driver_id":1}
[2025-09-01 08:33:40] Location update received - {"driver_id":"1","latitude":33.8886656,"longitude":35.5434496,"accuracy":47459.23719912872,"heading":null,"speed":null,"status":"available","battery_level":null}
[2025-09-01 08:33:40] Location update failed - {"error":"Unknown column 'accuracy' in 'field list'","driver_id":1}
[2025-09-01 08:36:32] Retrieved driver locations - {"count":2,"minutes_threshold":10}
[2025-09-01 08:36:33] Retrieved driver locations - {"count":2,"minutes_threshold":10}
[2025-09-01 08:36:33] Retrieved driver locations - {"count":2,"minutes_threshold":10}
[2025-09-01 08:36:33] Retrieved driver locations - {"count":2,"minutes_threshold":10}
[2025-09-01 08:36:33] Retrieved driver locations - {"count":2,"minutes_threshold":10}
[2025-09-01 08:36:38] Retrieved driver locations - {"count":2,"minutes_threshold":10}
[2025-09-01 08:36:42] Retrieved driver locations - {"count":2,"minutes_threshold":10}
[2025-09-01 08:36:48] Retrieved driver locations - {"count":2,"minutes_threshold":10}
[2025-09-01 08:36:50] Retrieved driver locations - {"count":2,"minutes_threshold":10}
[2025-09-01 20:15:59] Location update received - {"driver_id":"1","latitude":33.8755584,"longitude":35.5172352,"accuracy":47903.5983762783,"heading":null,"speed":null,"status":"available","battery_level":null}
[2025-09-01 20:15:59] Location update failed - {"error":"Unknown column 'accuracy' in 'field list'","driver_id":1}
[2025-09-01 20:16:01] Location update received - {"driver_id":"1","latitude":33.8755584,"longitude":35.5172352,"accuracy":47903.5983762783,"heading":null,"speed":null,"status":"available","battery_level":null}
[2025-09-01 20:16:01] Location update failed - {"error":"Unknown column 'accuracy' in 'field list'","driver_id":1}
[2025-09-01 20:16:02] Location update received - {"driver_id":"1","latitude":33.8755584,"longitude":35.5172352,"accuracy":47903.5983762783,"heading":null,"speed":null,"status":"available","battery_level":null}
[2025-09-01 20:16:02] Location update received - {"driver_id":"1","latitude":33.8755584,"longitude":35.5172352,"accuracy":47903.5983762783,"heading":null,"speed":null,"status":"available","battery_level":null}
[2025-09-01 20:16:02] Location update failed - {"error":"Unknown column 'accuracy' in 'field list'","driver_id":1}
[2025-09-01 20:16:02] Location update failed - {"error":"Unknown column 'accuracy' in 'field list'","driver_id":1}
[2025-09-01 20:16:04] Location update received - {"driver_id":"1","latitude":33.8755584,"longitude":35.5172352,"accuracy":47903.5983762783,"heading":null,"speed":null,"status":"available","battery_level":null}
[2025-09-01 20:16:04] Location update failed - {"error":"Unknown column 'accuracy' in 'field list'","driver_id":1}
[2025-09-01 20:16:05] Location update received - {"driver_id":"1","latitude":33.8755584,"longitude":35.5172352,"accuracy":47903.5983762783,"heading":null,"speed":null,"status":"available","battery_level":null}
[2025-09-01 20:16:05] Location update failed - {"error":"Unknown column 'accuracy' in 'field list'","driver_id":1}
[2025-09-01 20:16:06] Location update received - {"driver_id":"1","latitude":33.8755584,"longitude":35.5172352,"accuracy":47903.5983762783,"heading":null,"speed":null,"status":"available","battery_level":null}
[2025-09-01 20:16:06] Location update failed - {"error":"Unknown column 'accuracy' in 'field list'","driver_id":1}
[2025-09-01 20:16:11] Location update received - {"driver_id":"1","latitude":33.8755584,"longitude":35.5172352,"accuracy":47903.5983762783,"heading":null,"speed":null,"status":"available","battery_level":null}
[2025-09-01 20:16:11] Location update failed - {"error":"Unknown column 'accuracy' in 'field list'","driver_id":1}
[2025-09-01 20:16:18] Location update received - {"driver_id":"1","latitude":33.8755584,"longitude":35.5172352,"accuracy":47903.5983762783,"heading":null,"speed":null,"status":"available","battery_level":null}
[2025-09-01 20:16:18] Location update received - {"driver_id":"1","latitude":33.8755584,"longitude":35.5172352,"accuracy":47903.5983762783,"heading":null,"speed":null,"status":"available","battery_level":null}
[2025-09-01 20:16:18] Location update failed - {"error":"Unknown column 'accuracy' in 'field list'","driver_id":1}
[2025-09-01 20:16:18] Location update failed - {"error":"Unknown column 'accuracy' in 'field list'","driver_id":1}
[2025-09-01 20:16:20] Location update received - {"driver_id":"1","latitude":33.8755584,"longitude":35.5172352,"accuracy":47903.5983762783,"heading":null,"speed":null,"status":"available","battery_level":null}
[2025-09-01 20:16:20] Location update failed - {"error":"Unknown column 'accuracy' in 'field list'","driver_id":1}
[2025-09-01 20:16:20] Location update received - {"driver_id":"1","latitude":33.8755584,"longitude":35.5172352,"accuracy":47903.5983762783,"heading":null,"speed":null,"status":"available","battery_level":null}
[2025-09-01 20:16:20] Location update failed - {"error":"Unknown column 'accuracy' in 'field list'","driver_id":1}
[2025-09-01 20:16:22] Location update received - {"driver_id":"1","latitude":33.8755584,"longitude":35.5172352,"accuracy":47903.5983762783,"heading":null,"speed":null,"status":"available","battery_level":null}
[2025-09-01 20:16:22] Location update received - {"driver_id":"1","latitude":33.8755584,"longitude":35.5172352,"accuracy":47903.5983762783,"heading":null,"speed":null,"status":"available","battery_level":null}
[2025-09-01 20:16:22] Location update failed - {"error":"Unknown column 'accuracy' in 'field list'","driver_id":1}
[2025-09-01 20:16:22] Location update failed - {"error":"Unknown column 'accuracy' in 'field list'","driver_id":1}
